<?xml version="1.0" encoding="UTF-8"?>
<testsuite xmlns:xsi="http://www.w3.org/2001/XMLSchema-instance" xsi:noNamespaceSchemaLocation="https://maven.apache.org/surefire/maven-surefire-plugin/xsd/surefire-test-report.xsd" name="minesweeper.MineTest" time="0.058" tests="28" errors="0" skipped="0" failures="0">
  <properties>
    <property name="java.specification.version" value="23"/>
    <property name="sun.jnu.encoding" value="UTF-8"/>
    <property name="java.class.path" value="/Users/omarellbidi/Desktop/minesweeper-java-implementation/target/test-classes:/Users/omarellbidi/Desktop/minesweeper-java-implementation/target/classes:/Users/omarellbidi/.m2/repository/org/junit/jupiter/junit-jupiter-engine/5.4.0/junit-jupiter-engine-5.4.0.jar:/Users/omarellbidi/.m2/repository/org/apiguardian/apiguardian-api/1.0.0/apiguardian-api-1.0.0.jar:/Users/omarellbidi/.m2/repository/org/junit/platform/junit-platform-engine/1.4.0/junit-platform-engine-1.4.0.jar:/Users/omarellbidi/.m2/repository/org/opentest4j/opentest4j/1.1.1/opentest4j-1.1.1.jar:/Users/omarellbidi/.m2/repository/org/junit/platform/junit-platform-commons/1.4.0/junit-platform-commons-1.4.0.jar:/Users/omarellbidi/.m2/repository/org/junit/jupiter/junit-jupiter-api/5.4.0/junit-jupiter-api-5.4.0.jar:/Users/omarellbidi/.m2/repository/org/junit/jupiter/junit-jupiter-params/5.4.0/junit-jupiter-params-5.4.0.jar:/Users/omarellbidi/.m2/repository/plus/fbi/sweng/as/Minesweeper_Test/0.0.1-SNAPSHOT/Minesweeper_Test-0.0.1-SNAPSHOT-tests.jar:"/>
    <property name="java.vm.vendor" value="Homebrew"/>
    <property name="sun.arch.data.model" value="64"/>
    <property name="java.vendor.url" value="https://github.com/Homebrew/homebrew-core/issues"/>
    <property name="os.name" value="Mac OS X"/>
    <property name="java.vm.specification.version" value="23"/>
    <property name="sun.java.launcher" value="SUN_STANDARD"/>
    <property name="user.country" value="US"/>
    <property name="sun.boot.library.path" value="/opt/homebrew/Cellar/openjdk/23.0.2/libexec/openjdk.jdk/Contents/Home/lib"/>
    <property name="sun.java.command" value="/Users/omarellbidi/Desktop/minesweeper-java-implementation/target/surefire/surefirebooter6386882407320030701.jar /Users/omarellbidi/Desktop/minesweeper-java-implementation/target/surefire 2025-04-20T02-27-11_686-jvmRun1 surefire12792562323837128008tmp surefire_016525206608311805270tmp"/>
    <property name="http.nonProxyHosts" value="local|*.local|169.254/16|*.169.254/16"/>
    <property name="jdk.debug" value="release"/>
    <property name="surefire.test.class.path" value="/Users/omarellbidi/Desktop/minesweeper-java-implementation/target/test-classes:/Users/omarellbidi/Desktop/minesweeper-java-implementation/target/classes:/Users/omarellbidi/.m2/repository/org/junit/jupiter/junit-jupiter-engine/5.4.0/junit-jupiter-engine-5.4.0.jar:/Users/omarellbidi/.m2/repository/org/apiguardian/apiguardian-api/1.0.0/apiguardian-api-1.0.0.jar:/Users/omarellbidi/.m2/repository/org/junit/platform/junit-platform-engine/1.4.0/junit-platform-engine-1.4.0.jar:/Users/omarellbidi/.m2/repository/org/opentest4j/opentest4j/1.1.1/opentest4j-1.1.1.jar:/Users/omarellbidi/.m2/repository/org/junit/platform/junit-platform-commons/1.4.0/junit-platform-commons-1.4.0.jar:/Users/omarellbidi/.m2/repository/org/junit/jupiter/junit-jupiter-api/5.4.0/junit-jupiter-api-5.4.0.jar:/Users/omarellbidi/.m2/repository/org/junit/jupiter/junit-jupiter-params/5.4.0/junit-jupiter-params-5.4.0.jar:/Users/omarellbidi/.m2/repository/plus/fbi/sweng/as/Minesweeper_Test/0.0.1-SNAPSHOT/Minesweeper_Test-0.0.1-SNAPSHOT-tests.jar:"/>
    <property name="sun.cpu.endian" value="little"/>
    <property name="user.home" value="/Users/omarellbidi"/>
    <property name="user.language" value="en"/>
    <property name="java.specification.vendor" value="Oracle Corporation"/>
    <property name="java.version.date" value="2025-01-21"/>
    <property name="java.home" value="/opt/homebrew/Cellar/openjdk/23.0.2/libexec/openjdk.jdk/Contents/Home"/>
    <property name="file.separator" value="/"/>
    <property name="basedir" value="/Users/omarellbidi/Desktop/minesweeper-java-implementation"/>
    <property name="java.vm.compressedOopsMode" value="Zero based"/>
    <property name="line.separator" value="&#10;"/>
    <property name="java.vm.specification.vendor" value="Oracle Corporation"/>
    <property name="java.specification.name" value="Java Platform API Specification"/>
    <property name="apple.awt.application.name" value="ForkedBooter"/>
    <property name="surefire.real.class.path" value="/Users/omarellbidi/Desktop/minesweeper-java-implementation/target/surefire/surefirebooter6386882407320030701.jar"/>
    <property name="sun.management.compiler" value="HotSpot 64-Bit Tiered Compilers"/>
    <property name="ftp.nonProxyHosts" value="local|*.local|169.254/16|*.169.254/16"/>
    <property name="java.runtime.version" value="23.0.2"/>
    <property name="user.name" value="omarellbidi"/>
    <property name="stdout.encoding" value="UTF-8"/>
    <property name="path.separator" value=":"/>
    <property name="os.version" value="15.2"/>
    <property name="java.runtime.name" value="OpenJDK Runtime Environment"/>
    <property name="file.encoding" value="UTF-8"/>
    <property name="java.vm.name" value="OpenJDK 64-Bit Server VM"/>
    <property name="java.vendor.version" value="Homebrew"/>
    <property name="localRepository" value="/Users/omarellbidi/.m2/repository"/>
    <property name="java.vendor.url.bug" value="https://github.com/Homebrew/homebrew-core/issues"/>
    <property name="java.io.tmpdir" value="/var/folders/fl/gjhqz0x96ts7qlq6zm45py1c0000gn/T/"/>
    <property name="java.version" value="23.0.2"/>
    <property name="user.dir" value="/Users/omarellbidi/Desktop/minesweeper-java-implementation"/>
    <property name="os.arch" value="aarch64"/>
    <property name="java.vm.specification.name" value="Java Virtual Machine Specification"/>
    <property name="native.encoding" value="UTF-8"/>
    <property name="java.library.path" value="/Users/omarellbidi/Library/Java/Extensions:/Library/Java/Extensions:/Network/Library/Java/Extensions:/System/Library/Java/Extensions:/usr/lib/java:."/>
    <property name="java.vm.info" value="mixed mode, sharing"/>
    <property name="stderr.encoding" value="UTF-8"/>
    <property name="java.vendor" value="Homebrew"/>
    <property name="java.vm.version" value="23.0.2"/>
    <property name="sun.io.unicode.encoding" value="UnicodeBig"/>
    <property name="socksNonProxyHosts" value="local|*.local|169.254/16|*.169.254/16"/>
    <property name="java.class.version" value="67.0"/>
  </properties>
  <testcase name="testClick{String, String, Integer[][]}[1]" classname="minesweeper.MineTest" time="0.022"/>
  <testcase name="testClick{String, String, Integer[][]}[2]" classname="minesweeper.MineTest" time="0.001"/>
  <testcase name="testClick{String, String, Integer[][]}[3]" classname="minesweeper.MineTest" time="0.001"/>
  <testcase name="testClick{String, String, Integer[][]}[4]" classname="minesweeper.MineTest" time="0.001"/>
  <testcase name="testClick{String, String, Integer[][]}[5]" classname="minesweeper.MineTest" time="0.001"/>
  <testcase name="testClick{String, String, Integer[][]}[6]" classname="minesweeper.MineTest" time="0"/>
  <testcase name="testClick{String, String, Integer[][]}[7]" classname="minesweeper.MineTest" time="0"/>
  <testcase name="testHint{String, String, Integer[][]}[1]" classname="minesweeper.MineTest" time="0"/>
  <testcase name="testHint{String, String, Integer[][]}[2]" classname="minesweeper.MineTest" time="0"/>
  <testcase name="testHint{String, String, Integer[][]}[3]" classname="minesweeper.MineTest" time="0"/>
  <testcase name="testHint{String, String, Integer[][]}[4]" classname="minesweeper.MineTest" time="0.001"/>
  <testcase name="testHint{String, String, Integer[][]}[5]" classname="minesweeper.MineTest" time="0"/>
  <testcase name="testHint{String, String, Integer[][]}[6]" classname="minesweeper.MineTest" time="0"/>
  <testcase name="testHint{String, String, Integer[][]}[7]" classname="minesweeper.MineTest" time="0"/>
  <testcase name="testNumberOfBombs{String, int}[1]" classname="minesweeper.MineTest" time="0.002"/>
  <testcase name="testNumberOfBombs{String, int}[2]" classname="minesweeper.MineTest" time="0"/>
  <testcase name="testNumberOfBombs{String, int}[3]" classname="minesweeper.MineTest" time="0"/>
  <testcase name="testNumberOfBombs{String, int}[4]" classname="minesweeper.MineTest" time="0"/>
  <testcase name="testNumberOfBombs{String, int}[5]" classname="minesweeper.MineTest" time="0.001"/>
  <testcase name="testNumberOfBombs{String, int}[6]" classname="minesweeper.MineTest" time="0"/>
  <testcase name="testNumberOfBombs{String, int}[7]" classname="minesweeper.MineTest" time="0"/>
  <testcase name="testSetField{String, boolean}[1]" classname="minesweeper.MineTest" time="0.001"/>
  <testcase name="testSetField{String, boolean}[2]" classname="minesweeper.MineTest" time="0"/>
  <testcase name="testSetField{String, boolean}[3]" classname="minesweeper.MineTest" time="0"/>
  <testcase name="testSetField{String, boolean}[4]" classname="minesweeper.MineTest" time="0"/>
  <testcase name="testSetField{String, boolean}[5]" classname="minesweeper.MineTest" time="0"/>
  <testcase name="testSetField{String, boolean}[6]" classname="minesweeper.MineTest" time="0"/>
  <testcase name="testSetField{String, boolean}[7]" classname="minesweeper.MineTest" time="0"/>
</testsuite>